#
# There is insufficient memory for the Java Runtime Environment to continue.
# Native memory allocation (malloc) failed to allocate 954336 bytes for Chunk::new
# Possible reasons:
#   The system is out of physical RAM or swap space
#   The process is running with CompressedOops enabled, and the Java Heap may be blocking the growth of the native heap
# Possible solutions:
#   Reduce memory load on the system
#   Increase physical memory or swap space
#   Check if swap backing store is full
#   Decrease Java heap size (-Xmx/-Xms)
#   Decrease number of Java threads
#   Decrease Java thread stack sizes (-Xss)
#   Set larger code cache with -XX:ReservedCodeCacheSize=
#   JVM is running with Unscaled Compressed Oops mode in which the Java heap is
#     placed in the first 4GB address space. The Java Heap base address is the
#     maximum limit for the native heap growth. Please use -XX:HeapBaseMinAddress
#     to set the Java Heap base and to place the Java Heap above 4GB virtual address.
# This output file may be truncated or incomplete.
#
#  Out of Memory Error (allocation.cpp:389), pid=3800, tid=0x0000000000000204
#
# JRE version: OpenJDK Runtime Environment (8.0_212-b04) (build 1.8.0_212-release-1586-b04)
# Java VM: OpenJDK 64-Bit Server VM (25.212-b04 mixed mode windows-amd64 compressed oops)
# Failed to write core dump. Minidumps are not enabled by default on client versions of Windows
#

---------------  T H R E A D  ---------------

Current thread (0x000000001902d800):  JavaThread "C2 CompilerThread0" daemon [_thread_in_native, id=516, stack(0x0000000019920000,0x0000000019a20000)]

Stack: [0x0000000019920000,0x0000000019a20000]
[error occurred during error reporting (printing stack bounds), id 0xc0000005]

Native frames: (J=compiled Java code, j=interpreted, Vv=VM code, C=native code)


Current CompileTask:
C2:  13421 5060       4       java.net.URLClassLoader$1::run (5 bytes)


---------------  P R O C E S S  ---------------

Java Threads: ( => current thread )
  0x000000001e39f800 JavaThread "Cache worker for file content cache (A:\Users\ngnic\Documents\GitHub\TWINS\TWINS\.gradle\5.6.4\fileContent)" [_thread_blocked, id=11736, stack(0x0000000026180000,0x0000000026280000)]
  0x000000001e39b000 JavaThread "Cache worker for file content cache (C:\Users\ngnic\.gradle\caches\5.6.4\fileContent)" [_thread_blocked, id=4724, stack(0x0000000025de0000,0x0000000025ee0000)]
  0x000000001e39f000 JavaThread "Memory manager" [_thread_blocked, id=8976, stack(0x00000000256c0000,0x00000000257c0000)]
  0x000000001e39c000 JavaThread "Cache worker for Build Output Cleanup Cache (A:\Users\ngnic\Documents\GitHub\TWINS\TWINS\.gradle\buildOutputCleanup)" [_thread_blocked, id=8700, stack(0x00000000253c0000,0x00000000254c0000)]
  0x000000001e392800 JavaThread "Build operations Thread 8" [_thread_blocked, id=1160, stack(0x0000000023c40000,0x0000000023d40000)]
  0x000000001e399800 JavaThread "Build operations Thread 7" [_thread_blocked, id=15184, stack(0x0000000023b40000,0x0000000023c40000)]
  0x000000001e399000 JavaThread "Build operations Thread 6" [_thread_blocked, id=11336, stack(0x0000000023a40000,0x0000000023b40000)]
  0x000000001e398000 JavaThread "Build operations Thread 5" [_thread_blocked, id=1700, stack(0x0000000022910000,0x0000000022a10000)]
  0x000000001e397800 JavaThread "Build operations Thread 4" [_thread_blocked, id=14928, stack(0x0000000022810000,0x0000000022910000)]
  0x000000001e396800 JavaThread "Build operations Thread 3" [_thread_blocked, id=4136, stack(0x0000000022710000,0x0000000022810000)]
  0x000000001e392000 JavaThread "Build operations Thread 2" [_thread_blocked, id=15544, stack(0x0000000022610000,0x0000000022710000)]
  0x000000001e396000 JavaThread "Build operations" [_thread_blocked, id=6384, stack(0x0000000022510000,0x0000000022610000)]
  0x000000001e394800 JavaThread "Cache worker for execution history cache (C:\Users\ngnic\.gradle\caches\5.6.4\executionHistory)" [_thread_blocked, id=8136, stack(0x0000000022210000,0x0000000022310000)]
  0x000000001e393800 JavaThread "Cache worker for cache directory md-rule (C:\Users\ngnic\.gradle\caches\5.6.4\md-rule)" [_thread_blocked, id=12568, stack(0x0000000020270000,0x0000000020370000)]
  0x000000001e391000 JavaThread "Cache worker for cache directory md-supplier (C:\Users\ngnic\.gradle\caches\5.6.4\md-supplier)" [_thread_blocked, id=13264, stack(0x0000000020650000,0x0000000020750000)]
  0x000000001ae3c800 JavaThread "Cache worker for file hash cache (A:\Users\ngnic\Documents\GitHub\TWINS\TWINS\.gradle\5.6.4\fileHashes)" [_thread_blocked, id=6984, stack(0x000000001df70000,0x000000001e070000)]
  0x000000001ae39800 JavaThread "Cache worker for journal cache (C:\Users\ngnic\.gradle\caches\journal-1)" [_thread_blocked, id=980, stack(0x000000001de70000,0x000000001df70000)]
  0x000000001ae3d800 JavaThread "File lock request listener" [_thread_in_native, id=6652, stack(0x000000001dd70000,0x000000001de70000)]
  0x000000001ae3f000 JavaThread "Cache worker for file hash cache (C:\Users\ngnic\.gradle\caches\5.6.4\fileHashes)" [_thread_blocked, id=6028, stack(0x000000001da70000,0x000000001db70000)]
  0x000000001b9f7800 JavaThread "Thread-9" [_thread_blocked, id=8552, stack(0x000000001d970000,0x000000001da70000)]
  0x000000001b9f1000 JavaThread "Stdin handler" [_thread_blocked, id=14624, stack(0x000000001d870000,0x000000001d970000)]
  0x000000001b976000 JavaThread "Asynchronous log dispatcher for DefaultDaemonConnection: socket connection from /127.0.0.1:58656 to /127.0.0.1:58657" [_thread_blocked, id=6596, stack(0x000000001d670000,0x000000001d770000)]
  0x000000001b96f800 JavaThread "Daemon worker" [_thread_in_native, id=12812, stack(0x000000001d570000,0x000000001d670000)]
  0x000000001b97f800 JavaThread "Cancel handler" [_thread_blocked, id=11176, stack(0x000000001d470000,0x000000001d570000)]
  0x000000001b94e800 JavaThread "Handler for socket connection from /127.0.0.1:58656 to /127.0.0.1:58657" [_thread_in_native, id=3076, stack(0x000000001d170000,0x000000001d270000)]
  0x000000001b947800 JavaThread "Daemon" [_thread_blocked, id=732, stack(0x000000001d070000,0x000000001d170000)]
  0x000000001a063800 JavaThread "Daemon periodic checks" [_thread_blocked, id=5020, stack(0x000000001cf70000,0x000000001d070000)]
  0x0000000019f50000 JavaThread "Incoming local TCP Connector on port 58656" [_thread_in_native, id=5204, stack(0x000000001cd00000,0x000000001ce00000)]
  0x0000000019f70800 JavaThread "Daemon health stats" [_thread_blocked, id=6500, stack(0x000000001c6c0000,0x000000001c7c0000)]
  0x00000000190d2800 JavaThread "Service Thread" daemon [_thread_blocked, id=10788, stack(0x0000000019d20000,0x0000000019e20000)]
  0x000000001722e000 JavaThread "C1 CompilerThread3" daemon [_thread_blocked, id=15716, stack(0x0000000019c20000,0x0000000019d20000)]
  0x0000000019042000 JavaThread "C2 CompilerThread2" daemon [_thread_in_native, id=12248, stack(0x0000000019b20000,0x0000000019c20000)]
  0x000000001902f800 JavaThread "C2 CompilerThread1" daemon [_thread_in_native, id=3464, stack(0x0000000019a20000,0x0000000019b20000)]
=>0x000000001902d800 JavaThread "C2 CompilerThread0" daemon [_thread_in_native, id=516, stack(0x0000000019920000,0x0000000019a20000)]
  0x000000001902b000 JavaThread "Attach Listener" daemon [_thread_blocked, id=14312, stack(0x0000000019820000,0x0000000019920000)]
  0x0000000019035800 JavaThread "Signal Dispatcher" daemon [_thread_blocked, id=16504, stack(0x0000000019720000,0x0000000019820000)]
  0x0000000019021000 JavaThread "Finalizer" daemon [_thread_blocked, id=6740, stack(0x0000000019500000,0x0000000019600000)]
  0x0000000019020800 JavaThread "Reference Handler" daemon [_thread_blocked, id=12124, stack(0x0000000019400000,0x0000000019500000)]
  0x000000000318e000 JavaThread "main" [_thread_blocked, id=11588, stack(0x0000000003260000,0x0000000003360000)]

Other Threads:
  0x0000000017216800 VMThread [stack: 0x0000000018f00000,0x0000000019000000] [id=8140]
  0x00000000190d3000 WatcherThread [stack: 0x0000000019e20000,0x0000000019f20000] [id=6568]

VM state:not at safepoint (normal execution)

VM Mutex/Monitor currently owned by a thread: None

heap address: 0x00000000a0000000, size: 1536 MB, Compressed Oops mode: 32-bit
Narrow klass base: 0x0000000000000000, Narrow klass shift: 3
Compressed class space size: 1073741824 Address: 0x0000000100000000

Heap:
 PSYoungGen      total 144896K, used 143856K [0x00000000e0000000, 0x00000000ea000000, 0x0000000100000000)
  eden space 132608K, 99% used [0x00000000e0000000,0x00000000e807d3c8,0x00000000e8180000)
  from space 12288K, 99% used [0x00000000e9400000,0x00000000e9ffece0,0x00000000ea000000)
  to   space 14848K, 0% used [0x00000000e8300000,0x00000000e8300000,0x00000000e9180000)
 ParOldGen       total 91648K, used 19429K [0x00000000a0000000, 0x00000000a5980000, 0x00000000e0000000)
  object space 91648K, 21% used [0x00000000a0000000,0x00000000a12f9450,0x00000000a5980000)
 Metaspace       used 55322K, capacity 57122K, committed 57216K, reserved 1097728K
  class space    used 7646K, capacity 8062K, committed 8064K, reserved 1048576K

Card table byte_map: [0x0000000012820000,0x0000000012b30000] byte_map_base: 0x0000000012320000

Marking Bits: (ParMarkBitMap*) 0x0000000062729f30
 Begin Bits: [0x0000000013530000, 0x0000000014d30000)
 End Bits:   [0x0000000014d30000, 0x0000000016530000)

Polling page: 0x00000000018a0000

CodeCache: size=245760Kb used=16234Kb max_used=16234Kb free=229525Kb
 bounds [0x0000000003460000, 0x0000000004450000, 0x0000000012460000]
 total_blobs=5508 nmethods=4729 adapters=692
 compilation: enabled

Compilation events (10 events):
Event: 13.414 Thread 0x000000001722e000 5097       1       org.gradle.internal.reflect.annotations.impl.DefaultTypeAnnotationMetadataStore::access$200 (5 bytes)
Event: 13.414 Thread 0x000000001722e000 nmethod 5097 0x000000000442ec90 code [0x000000000442ede0, 0x000000000442eed0]
Event: 13.415 Thread 0x000000001722e000 5098       3       com.google.common.collect.AbstractIterator::<init> (12 bytes)
Event: 13.415 Thread 0x000000001722e000 nmethod 5098 0x0000000004435750 code [0x00000000044358c0, 0x0000000004435af0]
Event: 13.415 Thread 0x000000001722e000 5099   !   3       com.sun.proxy.$Proxy23::annotationType (29 bytes)
Event: 13.415 Thread 0x000000001722e000 nmethod 5099 0x0000000004435bd0 code [0x0000000004435d60, 0x0000000004436198]
Event: 13.415 Thread 0x000000001722e000 5100       3       com.google.common.collect.ImmutableSet$Builder::addDeduping (80 bytes)
Event: 13.417 Thread 0x000000001722e000 nmethod 5100 0x0000000004436350 code [0x0000000004436540, 0x0000000004436f18]
Event: 13.417 Thread 0x000000001722e000 5101       3       org.gradle.cache.internal.DefaultCrossBuildInMemoryCacheFactory$DefaultCrossBuildInMemoryCache::retainValue (20 bytes)
Event: 13.417 Thread 0x000000001722e000 nmethod 5101 0x00000000044374d0 code [0x0000000004437660, 0x0000000004437ac8]

GC Heap History (10 events):
Event: 5.386 GC heap before
{Heap before GC invocations=8 (full 1):
 PSYoungGen      total 76800K, used 66048K [0x00000000e0000000, 0x00000000e5700000, 0x0000000100000000)
  eden space 66048K, 100% used [0x00000000e0000000,0x00000000e4080000,0x00000000e4080000)
  from space 10752K, 0% used [0x00000000e4b80000,0x00000000e4b80000,0x00000000e5600000)
  to   space 11264K, 0% used [0x00000000e4080000,0x00000000e4080000,0x00000000e4b80000)
 ParOldGen       total 60416K, used 9315K [0x00000000a0000000, 0x00000000a3b00000, 0x00000000e0000000)
  object space 60416K, 15% used [0x00000000a0000000,0x00000000a0918f80,0x00000000a3b00000)
 Metaspace       used 29075K, capacity 29636K, committed 29952K, reserved 1075200K
  class space    used 3916K, capacity 4071K, committed 4096K, reserved 1048576K
Event: 5.395 GC heap after
Heap after GC invocations=8 (full 1):
 PSYoungGen      total 77312K, used 8227K [0x00000000e0000000, 0x00000000e7b80000, 0x0000000100000000)
  eden space 66048K, 0% used [0x00000000e0000000,0x00000000e0000000,0x00000000e4080000)
  from space 11264K, 73% used [0x00000000e4080000,0x00000000e4888ce8,0x00000000e4b80000)
  to   space 11264K, 0% used [0x00000000e7080000,0x00000000e7080000,0x00000000e7b80000)
 ParOldGen       total 60416K, used 9323K [0x00000000a0000000, 0x00000000a3b00000, 0x00000000e0000000)
  object space 60416K, 15% used [0x00000000a0000000,0x00000000a091af80,0x00000000a3b00000)
 Metaspace       used 29075K, capacity 29636K, committed 29952K, reserved 1075200K
  class space    used 3916K, capacity 4071K, committed 4096K, reserved 1048576K
}
Event: 6.430 GC heap before
{Heap before GC invocations=9 (full 1):
 PSYoungGen      total 77312K, used 74275K [0x00000000e0000000, 0x00000000e7b80000, 0x0000000100000000)
  eden space 66048K, 100% used [0x00000000e0000000,0x00000000e4080000,0x00000000e4080000)
  from space 11264K, 73% used [0x00000000e4080000,0x00000000e4888ce8,0x00000000e4b80000)
  to   space 11264K, 0% used [0x00000000e7080000,0x00000000e7080000,0x00000000e7b80000)
 ParOldGen       total 60416K, used 9323K [0x00000000a0000000, 0x00000000a3b00000, 0x00000000e0000000)
  object space 60416K, 15% used [0x00000000a0000000,0x00000000a091af80,0x00000000a3b00000)
 Metaspace       used 32266K, capacity 32828K, committed 33152K, reserved 1077248K
  class space    used 4434K, capacity 4623K, committed 4736K, reserved 1048576K
Event: 6.448 GC heap after
Heap after GC invocations=9 (full 1):
 PSYoungGen      total 114688K, used 8741K [0x00000000e0000000, 0x00000000e7e80000, 0x0000000100000000)
  eden space 103424K, 0% used [0x00000000e0000000,0x00000000e0000000,0x00000000e6500000)
  from space 11264K, 77% used [0x00000000e7080000,0x00000000e7909480,0x00000000e7b80000)
  to   space 11776K, 0% used [0x00000000e6500000,0x00000000e6500000,0x00000000e7080000)
 ParOldGen       total 60416K, used 9331K [0x00000000a0000000, 0x00000000a3b00000, 0x00000000e0000000)
  object space 60416K, 15% used [0x00000000a0000000,0x00000000a091cf80,0x00000000a3b00000)
 Metaspace       used 32266K, capacity 32828K, committed 33152K, reserved 1077248K
  class space    used 4434K, capacity 4623K, committed 4736K, reserved 1048576K
}
Event: 7.467 GC heap before
{Heap before GC invocations=10 (full 1):
 PSYoungGen      total 114688K, used 59256K [0x00000000e0000000, 0x00000000e7e80000, 0x0000000100000000)
  eden space 103424K, 48% used [0x00000000e0000000,0x00000000e3154ee0,0x00000000e6500000)
  from space 11264K, 77% used [0x00000000e7080000,0x00000000e7909480,0x00000000e7b80000)
  to   space 11776K, 0% used [0x00000000e6500000,0x00000000e6500000,0x00000000e7080000)
 ParOldGen       total 60416K, used 9331K [0x00000000a0000000, 0x00000000a3b00000, 0x00000000e0000000)
  object space 60416K, 15% used [0x00000000a0000000,0x00000000a091cf80,0x00000000a3b00000)
 Metaspace       used 34516K, capacity 35418K, committed 35456K, reserved 1079296K
  class space    used 4738K, capacity 4970K, committed 4992K, reserved 1048576K
Event: 7.476 GC heap after
Heap after GC invocations=10 (full 1):
 PSYoungGen      total 115200K, used 9951K [0x00000000e0000000, 0x00000000ea000000, 0x0000000100000000)
  eden space 103424K, 0% used [0x00000000e0000000,0x00000000e0000000,0x00000000e6500000)
  from space 11776K, 84% used [0x00000000e6500000,0x00000000e6eb7ed8,0x00000000e7080000)
  to   space 12288K, 0% used [0x00000000e9400000,0x00000000e9400000,0x00000000ea000000)
 ParOldGen       total 60416K, used 9339K [0x00000000a0000000, 0x00000000a3b00000, 0x00000000e0000000)
  object space 60416K, 15% used [0x00000000a0000000,0x00000000a091ef80,0x00000000a3b00000)
 Metaspace       used 34516K, capacity 35418K, committed 35456K, reserved 1079296K
  class space    used 4738K, capacity 4970K, committed 4992K, reserved 1048576K
}
Event: 7.476 GC heap before
{Heap before GC invocations=11 (full 2):
 PSYoungGen      total 115200K, used 9951K [0x00000000e0000000, 0x00000000ea000000, 0x0000000100000000)
  eden space 103424K, 0% used [0x00000000e0000000,0x00000000e0000000,0x00000000e6500000)
  from space 11776K, 84% used [0x00000000e6500000,0x00000000e6eb7ed8,0x00000000e7080000)
  to   space 12288K, 0% used [0x00000000e9400000,0x00000000e9400000,0x00000000ea000000)
 ParOldGen       total 60416K, used 9339K [0x00000000a0000000, 0x00000000a3b00000, 0x00000000e0000000)
  object space 60416K, 15% used [0x00000000a0000000,0x00000000a091ef80,0x00000000a3b00000)
 Metaspace       used 34516K, capacity 35418K, committed 35456K, reserved 1079296K
  class space    used 4738K, capacity 4970K, committed 4992K, reserved 1048576K
Event: 7.529 GC heap after
Heap after GC invocations=11 (full 2):
 PSYoungGen      total 115200K, used 0K [0x00000000e0000000, 0x00000000ea000000, 0x0000000100000000)
  eden space 103424K, 0% used [0x00000000e0000000,0x00000000e0000000,0x00000000e6500000)
  from space 11776K, 0% used [0x00000000e6500000,0x00000000e6500000,0x00000000e7080000)
  to   space 12288K, 0% used [0x00000000e9400000,0x00000000e9400000,0x00000000ea000000)
 ParOldGen       total 91648K, used 16854K [0x00000000a0000000, 0x00000000a5980000, 0x00000000e0000000)
  object space 91648K, 18% used [0x00000000a0000000,0x00000000a1075838,0x00000000a5980000)
 Metaspace       used 34493K, capacity 35340K, committed 35456K, reserved 1079296K
  class space    used 4730K, capacity 4957K, committed 4992K, reserved 1048576K
}
Event: 9.825 GC heap before
{Heap before GC invocations=12 (full 2):
 PSYoungGen      total 115200K, used 103424K [0x00000000e0000000, 0x00000000ea000000, 0x0000000100000000)
  eden space 103424K, 100% used [0x00000000e0000000,0x00000000e6500000,0x00000000e6500000)
  from space 11776K, 0% used [0x00000000e6500000,0x00000000e6500000,0x00000000e7080000)
  to   space 12288K, 0% used [0x00000000e9400000,0x00000000e9400000,0x00000000ea000000)
 ParOldGen       total 91648K, used 16854K [0x00000000a0000000, 0x00000000a5980000, 0x00000000e0000000)
  object space 91648K, 18% used [0x00000000a0000000,0x00000000a1075838,0x00000000a5980000)
 Metaspace       used 44792K, capacity 45888K, committed 46080K, reserved 1089536K
  class space    used 6020K, capacity 6286K, committed 6400K, reserved 1048576K
Event: 9.845 GC heap after
Heap after GC invocations=12 (full 2):
 PSYoungGen      total 144896K, used 12283K [0x00000000e0000000, 0x00000000ea000000, 0x0000000100000000)
  eden space 132608K, 0% used [0x00000000e0000000,0x00000000e0000000,0x00000000e8180000)
  from space 12288K, 99% used [0x00000000e9400000,0x00000000e9ffece0,0x00000000ea000000)
  to   space 14848K, 0% used [0x00000000e8300000,0x00000000e8300000,0x00000000e9180000)
 ParOldGen       total 91648K, used 19429K [0x00000000a0000000, 0x00000000a5980000, 0x00000000e0000000)
  object space 91648K, 21% used [0x00000000a0000000,0x00000000a12f9450,0x00000000a5980000)
 Metaspace       used 44792K, capacity 45888K, committed 46080K, reserved 1089536K
  class space    used 6020K, capacity 6286K, committed 6400K, reserved 1048576K
}

Deoptimization events (10 events):
Event: 12.505 Thread 0x000000001b96f800 Uncommon trap: reason=unstable_if action=reinterpret pc=0x00000000040e49cc method=java.util.HashMap.putVal(ILjava/lang/Object;Ljava/lang/Object;ZZ)Ljava/lang/Object; @ 109
Event: 12.505 Thread 0x000000001b96f800 Uncommon trap: reason=unstable_if action=reinterpret pc=0x0000000003d35f80 method=java.util.HashMap.putVal(ILjava/lang/Object;Ljava/lang/Object;ZZ)Ljava/lang/Object; @ 109
Event: 12.706 Thread 0x000000001b96f800 Uncommon trap: reason=bimorphic action=maybe_recompile pc=0x000000000360df04 method=java.util.regex.Pattern$5.isSatisfiedBy(I)Z @ 16
Event: 12.706 Thread 0x000000001b96f800 Uncommon trap: reason=bimorphic action=maybe_recompile pc=0x000000000360df04 method=java.util.regex.Pattern$5.isSatisfiedBy(I)Z @ 16
Event: 12.706 Thread 0x000000001b96f800 Uncommon trap: reason=bimorphic action=maybe_recompile pc=0x000000000360df04 method=java.util.regex.Pattern$5.isSatisfiedBy(I)Z @ 16
Event: 12.706 Thread 0x000000001b96f800 Uncommon trap: reason=bimorphic action=maybe_recompile pc=0x000000000360df04 method=java.util.regex.Pattern$5.isSatisfiedBy(I)Z @ 16
Event: 13.256 Thread 0x000000001b96f800 Uncommon trap: reason=unstable_if action=reinterpret pc=0x0000000003a23a28 method=java.util.regex.Pattern$BmpCharProperty.match(Ljava/util/regex/Matcher;ILjava/lang/CharSequence;)Z @ 34
Event: 13.269 Thread 0x000000001b96f800 Uncommon trap: reason=unstable_if action=reinterpret pc=0x00000000038f45f0 method=com.sun.org.apache.xerces.internal.impl.XMLEntityScanner.scanLiteral(ILcom/sun/org/apache/xerces/internal/xni/XMLString;Z)I @ 660
Event: 13.282 Thread 0x000000001b96f800 Uncommon trap: reason=unstable_if action=reinterpret pc=0x0000000003a6ee40 method=com.sun.org.apache.xerces.internal.util.SymbolTable.addSymbol([CII)Ljava/lang/String; @ 38
Event: 13.339 Thread 0x000000001b96f800 Uncommon trap: reason=unstable_if action=reinterpret pc=0x0000000004194758 method=com.google.gson.stream.JsonReader.doPeek()I @ 315

Classes redefined (0 events):
No events

Internal exceptions (10 events):
Event: 12.186 Thread 0x000000001b96f800 Exception <a 'java/lang/ClassNotFoundException': com/android/build/gradle/internal/api/ApkVariantOutputImplCustomizer> (0x00000000e3ced6f8) thrown at [D:\src\AOSP-openjdk-cygwin\jdk8u\hotspot\src\share\vm\classfile\systemDictionary.cpp, line 210]
Event: 12.186 Thread 0x000000001b96f800 Exception <a 'java/lang/ClassNotFoundException': com/android/build/gradle/internal/api/ApkVariantOutputImpl_DecoratedCustomizer> (0x00000000e3d1fe08) thrown at [D:\src\AOSP-openjdk-cygwin\jdk8u\hotspot\src\share\vm\classfile\systemDictionary.cpp, line 210
Event: 12.237 Thread 0x000000001b96f800 Exception <a 'java/lang/ClassNotFoundException': build_9n4i6ykb93yzkpx7qjt0o9axgBeanInfo> (0x00000000e3fb5ce0) thrown at [D:\src\AOSP-openjdk-cygwin\jdk8u\hotspot\src\share\vm\classfile\systemDictionary.cpp, line 210]
Event: 12.239 Thread 0x000000001b96f800 Exception <a 'java/lang/ClassNotFoundException': build_9n4i6ykb93yzkpx7qjt0o9axgCustomizer> (0x00000000e3fc26f0) thrown at [D:\src\AOSP-openjdk-cygwin\jdk8u\hotspot\src\share\vm\classfile\systemDictionary.cpp, line 210]
Event: 12.336 Thread 0x000000001b96f800 Exception <a 'java/lang/ClassNotFoundException': org/gradle/api/plugins/internal/DefaultJavaPluginConventionBeanInfo> (0x00000000e46082f0) thrown at [D:\src\AOSP-openjdk-cygwin\jdk8u\hotspot\src\share\vm\classfile\systemDictionary.cpp, line 210]
Event: 12.337 Thread 0x000000001b96f800 Exception <a 'java/lang/ClassNotFoundException': org/gradle/api/plugins/JavaPluginConventionBeanInfo> (0x00000000e464fa20) thrown at [D:\src\AOSP-openjdk-cygwin\jdk8u\hotspot\src\share\vm\classfile\systemDictionary.cpp, line 210]
Event: 12.338 Thread 0x000000001b96f800 Exception <a 'java/lang/ClassNotFoundException': org/gradle/api/plugins/JavaPluginConventionCustomizer> (0x00000000e46984b8) thrown at [D:\src\AOSP-openjdk-cygwin\jdk8u\hotspot\src\share\vm\classfile\systemDictionary.cpp, line 210]
Event: 12.341 Thread 0x000000001b96f800 Exception <a 'java/lang/ClassNotFoundException': org/gradle/api/plugins/internal/DefaultJavaPluginConventionCustomizer> (0x00000000e470d3b0) thrown at [D:\src\AOSP-openjdk-cygwin\jdk8u\hotspot\src\share\vm\classfile\systemDictionary.cpp, line 210]
Event: 12.857 Thread 0x000000001b96f800 Exception <a 'java/lang/ClassNotFoundException': com/sun/org/glassfish/hk2/osgiresourcelocator/ServiceLoader> (0x00000000e5da7ed8) thrown at [D:\src\AOSP-openjdk-cygwin\jdk8u\hotspot\src\share\vm\classfile\systemDictionary.cpp, line 210]
Event: 12.905 Thread 0x000000001b96f800 Exception <a 'java/lang/NullPointerException'> (0x00000000e6273558) thrown at [D:\src\AOSP-openjdk-cygwin\jdk8u\hotspot\src\share\vm\interpreter\linkResolver.cpp, line 1287]

Events (10 events):
Event: 13.418 loading class com/android/build/gradle/tasks/GenerateBuildConfig$CreationAction$configure$3
Event: 13.418 loading class com/android/build/gradle/tasks/GenerateBuildConfig$CreationAction$configure$3 done
Event: 13.418 loading class com/android/build/gradle/tasks/GenerateBuildConfig$CreationAction$configure$4
Event: 13.418 loading class com/android/build/gradle/tasks/GenerateBuildConfig$CreationAction$configure$4 done
Event: 13.419 loading class com/android/build/gradle/tasks/GenerateBuildConfig$CreationAction$configure$5
Event: 13.419 loading class com/android/build/gradle/tasks/GenerateBuildConfig$CreationAction$configure$5 done
Event: 13.419 loading class com/android/build/gradle/tasks/GenerateBuildConfig$CreationAction$configure$6
Event: 13.419 loading class com/android/build/gradle/tasks/GenerateBuildConfig$CreationAction$configure$6 done
Event: 13.420 loading class com/android/build/gradle/tasks/GenerateBuildConfig$CreationAction$configure$7
Event: 13.420 loading class com/android/build/gradle/tasks/GenerateBuildConfig$CreationAction$configure$7 done


Dynamic libraries:
0x00007ff68ec80000 - 0x00007ff68ecb1000 	A:\Program Files\Android\Android Studio\jre\bin\java.exe
0x00007ffc59e20000 - 0x00007ffc5a010000 	C:\WINDOWS\SYSTEM32\ntdll.dll
0x00007ffc58500000 - 0x00007ffc585b2000 	C:\WINDOWS\System32\KERNEL32.DLL
0x00007ffc57060000 - 0x00007ffc57303000 	C:\WINDOWS\System32\KERNELBASE.dll
0x00007ffc596c0000 - 0x00007ffc59763000 	C:\WINDOWS\System32\ADVAPI32.dll
0x00007ffc59040000 - 0x00007ffc590de000 	C:\WINDOWS\System32\msvcrt.dll
0x00007ffc592c0000 - 0x00007ffc59357000 	C:\WINDOWS\System32\sechost.dll
0x00007ffc58770000 - 0x00007ffc58890000 	C:\WINDOWS\System32\RPCRT4.dll
0x00007ffc585c0000 - 0x00007ffc58754000 	C:\WINDOWS\System32\USER32.dll
0x00007ffc56e50000 - 0x00007ffc56e71000 	C:\WINDOWS\System32\win32u.dll
0x00007ffc59360000 - 0x00007ffc59386000 	C:\WINDOWS\System32\GDI32.dll
0x00007ffc57c10000 - 0x00007ffc57da4000 	C:\WINDOWS\System32\gdi32full.dll
0x00007ffc56db0000 - 0x00007ffc56e4e000 	C:\WINDOWS\System32\msvcp_win.dll
0x00007ffc56f00000 - 0x00007ffc56ffa000 	C:\WINDOWS\System32\ucrtbase.dll
0x00007ffc4d240000 - 0x00007ffc4d4c5000 	C:\WINDOWS\WinSxS\amd64_microsoft.windows.common-controls_6595b64144ccf1df_6.0.18362.720_none_e6beb5c51314836b\COMCTL32.dll
0x00007ffc59a80000 - 0x00007ffc59db6000 	C:\WINDOWS\System32\combase.dll
0x00007ffc56e80000 - 0x00007ffc56f00000 	C:\WINDOWS\System32\bcryptPrimitives.dll
0x00007ffc598f0000 - 0x00007ffc5991e000 	C:\WINDOWS\System32\IMM32.DLL
0x000000005f720000 - 0x000000005f7f2000 	A:\Program Files\Android\Android Studio\jre\jre\bin\msvcr100.dll
0x0000000061f60000 - 0x00000000627a6000 	A:\Program Files\Android\Android Studio\jre\jre\bin\server\jvm.dll
0x00007ffc58760000 - 0x00007ffc58768000 	C:\WINDOWS\System32\PSAPI.DLL
0x00007ffc534f0000 - 0x00007ffc53514000 	C:\WINDOWS\SYSTEM32\WINMM.dll
0x00007ffc3b890000 - 0x00007ffc3b899000 	C:\WINDOWS\SYSTEM32\WSOCK32.dll
0x00007ffc51630000 - 0x00007ffc5163a000 	C:\WINDOWS\SYSTEM32\VERSION.dll
0x00007ffc590e0000 - 0x00007ffc5914f000 	C:\WINDOWS\System32\WS2_32.dll
0x00007ffc534c0000 - 0x00007ffc534ed000 	C:\WINDOWS\SYSTEM32\winmmbase.dll
0x00007ffc57db0000 - 0x00007ffc57dfa000 	C:\WINDOWS\System32\cfgmgr32.dll
0x00007ffc53980000 - 0x00007ffc5398f000 	A:\Program Files\Android\Android Studio\jre\jre\bin\verify.dll
0x00007ffc313d0000 - 0x00007ffc313f9000 	A:\Program Files\Android\Android Studio\jre\jre\bin\java.dll
0x00007ffc42170000 - 0x00007ffc42186000 	A:\Program Files\Android\Android Studio\jre\jre\bin\zip.dll
0x00007ffc58950000 - 0x00007ffc59035000 	C:\WINDOWS\System32\SHELL32.dll
0x00007ffc59840000 - 0x00007ffc598e9000 	C:\WINDOWS\System32\shcore.dll
0x00007ffc57310000 - 0x00007ffc57a90000 	C:\WINDOWS\System32\windows.storage.dll
0x00007ffc56d30000 - 0x00007ffc56d53000 	C:\WINDOWS\System32\profapi.dll
0x00007ffc56d60000 - 0x00007ffc56daa000 	C:\WINDOWS\System32\powrprof.dll
0x00007ffc56ce0000 - 0x00007ffc56cf0000 	C:\WINDOWS\System32\UMPDC.dll
0x00007ffc59660000 - 0x00007ffc596b2000 	C:\WINDOWS\System32\shlwapi.dll
0x00007ffc56cf0000 - 0x00007ffc56d01000 	C:\WINDOWS\System32\kernel.appcore.dll
0x00007ffc57e00000 - 0x00007ffc57e17000 	C:\WINDOWS\System32\cryptsp.dll
0x00007ffc3f460000 - 0x00007ffc3f47a000 	A:\Program Files\Android\Android Studio\jre\jre\bin\net.dll
0x00007ffc4a420000 - 0x00007ffc4a5f5000 	C:\WINDOWS\SYSTEM32\urlmon.dll
0x00007ffc4a170000 - 0x00007ffc4a416000 	C:\WINDOWS\SYSTEM32\iertutil.dll
0x00007ffc566c0000 - 0x00007ffc566cc000 	C:\WINDOWS\SYSTEM32\CRYPTBASE.DLL
0x00007ffc564f0000 - 0x00007ffc56557000 	C:\WINDOWS\system32\mswsock.dll
0x00007ffc313b0000 - 0x00007ffc313c3000 	A:\Program Files\Android\Android Studio\jre\jre\bin\nio.dll
0x00007ffc2e630000 - 0x00007ffc2e656000 	C:\Users\ngnic\.gradle\native\30\windows-amd64\native-platform.dll
0x00007ffc53970000 - 0x00007ffc5397d000 	A:\Program Files\Android\Android Studio\jre\jre\bin\management.dll
0x00007ffc56060000 - 0x00007ffc56093000 	C:\WINDOWS\system32\rsaenh.dll
0x00007ffc57a90000 - 0x00007ffc57ab6000 	C:\WINDOWS\System32\bcrypt.dll
0x00007ffc56bd0000 - 0x00007ffc56bf5000 	C:\WINDOWS\SYSTEM32\USERENV.dll
0x00007ffc56200000 - 0x00007ffc5623a000 	C:\WINDOWS\SYSTEM32\IPHLPAPI.DLL
0x00007ffc57ed0000 - 0x00007ffc57ed8000 	C:\WINDOWS\System32\NSI.dll
0x00007ffc51240000 - 0x00007ffc51256000 	C:\WINDOWS\SYSTEM32\dhcpcsvc6.DLL
0x00007ffc510b0000 - 0x00007ffc510cc000 	C:\WINDOWS\SYSTEM32\dhcpcsvc.DLL
0x00007ffc56240000 - 0x00007ffc5630a000 	C:\WINDOWS\SYSTEM32\DNSAPI.dll

VM Arguments:
jvm_args: -Xmx1536m -Dfile.encoding=windows-1252 -Duser.country=ES -Duser.language=es -Duser.variant 
java_command: org.gradle.launcher.daemon.bootstrap.GradleDaemon 5.6.4
java_class_path (initial): C:\Users\ngnic\.gradle\wrapper\dists\gradle-5.6.4-all\ankdp27end7byghfw1q2sw75f\gradle-5.6.4\lib\gradle-launcher-5.6.4.jar
Launcher Type: SUN_STANDARD

Environment Variables:
PATH=C:\Program Files\NVIDIA GPU Computing Toolkit\CUDA\v10.0\bin;C:\Program Files\NVIDIA GPU Computing Toolkit\CUDA\v10.0\libnvvp;;C:\Program Files\Haskell\bin;A:\Program Files\Haskell Platform\8.6.3\lib\extralibs\bin;A:\Program Files\Haskell Platform\8.6.3\bin;C:\Program Files (x86)\Common Files\Oracle\Java\javapath;C:\Windows\system32;C:\Windows;C:\Windows\System32\Wbem;C:\Windows\System32\WindowsPowerShell\v1.0\;C:\Windows\System32\OpenSSH\;C:\Program Files (x86)\NVIDIA Corporation\PhysX\Common;C:\Program Files\dotnet\;A:\Program Files\erl10.1\bin;A:\Program Files\Haskell Platform\8.6.3\mingw\bin;A:\Program Files\Git\cmd;A:\Program Files (x86)\Livestreamer;A:\Program Files\nodejs\;C:\Program Files\NVIDIA Corporation\NVIDIA NvDLISR;C:\WINDOWS\system32;C:\WINDOWS;C:\WINDOWS\System32\Wbem;C:\WINDOWS\System32\WindowsPowerShell\v1.0\;C:\WINDOWS\System32\OpenSSH\;C:\Program Files\Microsoft SQL Server\130\Tools\Binn\;A:\Program Files (x86)\MaudeFW\cygwin\bin;C:\Users\ngnic\.windows-build-tools\python27\;C:\Users\ngnic\AppData\Roaming\cabal\bin;C:\Users\ngnic\AppData\Roaming\local\bin;C:\Users\ngnic\AppData\Local\Microsoft\WindowsApps;A:\Users\ngnic\AppData\Local\Programs\Microsoft VS Code\bin;C:\Program Files\Java\jdk1.8.0_191\bin;C:\Users\ngnic\AppData\Local\GitHubDesktop\bin;C:\Users\ngnic\AppData\Roaming\npm;C:\Users\ngnic\AppData\Local\Programs\Python\Python36;C:\Users\ngnic\AppData\Local\Programs\Python\Python36\Scripts;C:\Program Files\NVIDIA GPU Computing Toolkit\CUDA\v10.0\bin;;%USERPROFILE%\AppData\Local\Microsoft\WindowsApps;A:\Users\ngnic\AppData\Local\Programs\Fiddler
USERNAME=ngnic
OS=Windows_NT
PROCESSOR_IDENTIFIER=Intel64 Family 6 Model 58 Stepping 9, GenuineIntel



---------------  S Y S T E M  ---------------

OS: Windows 10.0 , 64 bit Build 18362 (10.0.18362.329)

CPU:total 8 (initial active 8) (4 cores per cpu, 2 threads per core) family 6 model 58 stepping 9, cmov, cx8, fxsr, mmx, sse, sse2, sse3, ssse3, sse4.1, sse4.2, popcnt, avx, aes, clmul, erms, ht, tsc, tscinvbit, tscinv

Memory: 4k page, physical 8260664k(1150728k free), swap 22912948k(5180k free)

vm_info: OpenJDK 64-Bit Server VM (25.212-b04) for windows-amd64 JRE (1.8.0_212-release-1586-b04), built by "builder" with MS VC++ 10.0 (VS2010)

time: Thu Apr 09 17:39:09 2020
timezone: Hora de verano romance
elapsed time: 13 seconds (0d 0h 0m 13s)

